ERROR - 2022-01-13 07:32:18 --> Error connecting to the database: No connection could be made because the target machine actively refused it.

CRITICAL - 2022-01-13 07:32:18 --> Unable to connect to the database.
Main connection [MySQLi]: No connection could be made because the target machine actively refused it.

#0 C:\xampp\htdocs\Test\system\Database\BaseConnection.php(577): CodeIgniter\Database\BaseConnection->initialize()
#1 C:\xampp\htdocs\Test\system\Database\BaseBuilder.php(1443): CodeIgniter\Database\BaseConnection->query('SELECT *\nFROM `...', Array, false)
#2 C:\xampp\htdocs\Test\system\Model.php(183): CodeIgniter\Database\BaseBuilder->get()
#3 C:\xampp\htdocs\Test\system\BaseModel.php(584): CodeIgniter\Model->doFindAll(0, 0)
#4 C:\xampp\htdocs\Test\app\Controllers\StudentController.php(13): CodeIgniter\BaseModel->findAll()
#5 C:\xampp\htdocs\Test\system\CodeIgniter.php(824): App\Controllers\StudentController->index()
#6 C:\xampp\htdocs\Test\system\CodeIgniter.php(410): CodeIgniter\CodeIgniter->runController(Object(App\Controllers\StudentController))
#7 C:\xampp\htdocs\Test\system\CodeIgniter.php(318): CodeIgniter\CodeIgniter->handleRequest(NULL, Object(Config\Cache), false)
#8 C:\xampp\htdocs\Test\public\index.php(37): CodeIgniter\CodeIgniter->run()
#9 C:\xampp\htdocs\Test\system\Commands\Server\rewrite.php(43): require_once('C:\\xampp\\htdocs...')
#10 {main}
CRITICAL - 2022-01-13 08:38:42 --> syntax error, unexpected ';'
#0 C:\xampp\htdocs\Test\system\View\View.php(217): CodeIgniter\View\View->CodeIgniter\View\{closure}()
#1 C:\xampp\htdocs\Test\system\Common.php(1097): CodeIgniter\View\View->render('students/edit', Array, true)
#2 C:\xampp\htdocs\Test\app\Controllers\StudentController.php(49): view('students/edit', Array)
#3 C:\xampp\htdocs\Test\system\CodeIgniter.php(824): App\Controllers\StudentController->edit('29')
#4 C:\xampp\htdocs\Test\system\CodeIgniter.php(410): CodeIgniter\CodeIgniter->runController(Object(App\Controllers\StudentController))
#5 C:\xampp\htdocs\Test\system\CodeIgniter.php(318): CodeIgniter\CodeIgniter->handleRequest(NULL, Object(Config\Cache), false)
#6 C:\xampp\htdocs\Test\public\index.php(37): CodeIgniter\CodeIgniter->run()
#7 C:\xampp\htdocs\Test\system\Commands\Server\rewrite.php(43): require_once('C:\\xampp\\htdocs...')
#8 {main}
CRITICAL - 2022-01-13 08:53:25 --> Call to undefined function set_value()
#0 C:\xampp\htdocs\Test\system\View\View.php(214): include()
#1 C:\xampp\htdocs\Test\system\View\View.php(217): CodeIgniter\View\View->CodeIgniter\View\{closure}()
#2 C:\xampp\htdocs\Test\system\Common.php(1097): CodeIgniter\View\View->render('students/edit', Array, true)
#3 C:\xampp\htdocs\Test\app\Controllers\StudentController.php(49): view('students/edit', Array)
#4 C:\xampp\htdocs\Test\system\CodeIgniter.php(824): App\Controllers\StudentController->edit('29')
#5 C:\xampp\htdocs\Test\system\CodeIgniter.php(410): CodeIgniter\CodeIgniter->runController(Object(App\Controllers\StudentController))
#6 C:\xampp\htdocs\Test\system\CodeIgniter.php(318): CodeIgniter\CodeIgniter->handleRequest(NULL, Object(Config\Cache), false)
#7 C:\xampp\htdocs\Test\public\index.php(37): CodeIgniter\CodeIgniter->run()
#8 C:\xampp\htdocs\Test\system\Commands\Server\rewrite.php(43): require_once('C:\\xampp\\htdocs...')
#9 {main}
CRITICAL - 2022-01-13 09:41:01 --> Call to undefined function set_radio()
#0 C:\xampp\htdocs\Test\system\View\View.php(214): include()
#1 C:\xampp\htdocs\Test\system\View\View.php(217): CodeIgniter\View\View->CodeIgniter\View\{closure}()
#2 C:\xampp\htdocs\Test\system\Common.php(1097): CodeIgniter\View\View->render('students/edit', Array, true)
#3 C:\xampp\htdocs\Test\app\Controllers\StudentController.php(49): view('students/edit', Array)
#4 C:\xampp\htdocs\Test\system\CodeIgniter.php(824): App\Controllers\StudentController->edit('29')
#5 C:\xampp\htdocs\Test\system\CodeIgniter.php(410): CodeIgniter\CodeIgniter->runController(Object(App\Controllers\StudentController))
#6 C:\xampp\htdocs\Test\system\CodeIgniter.php(318): CodeIgniter\CodeIgniter->handleRequest(NULL, Object(Config\Cache), false)
#7 C:\xampp\htdocs\Test\public\index.php(37): CodeIgniter\CodeIgniter->run()
#8 C:\xampp\htdocs\Test\system\Commands\Server\rewrite.php(43): require_once('C:\\xampp\\htdocs...')
#9 {main}
