CRITICAL - 2022-01-12 04:49:28 --> Invalid file: studens/index.php
#0 D:\Book-py3\PHP\Test\system\View\View.php(198): CodeIgniter\Exceptions\FrameworkException::forInvalidFile('studens/index.p...')
#1 D:\Book-py3\PHP\Test\system\Common.php(1097): CodeIgniter\View\View->render('studens/index', Array, true)
#2 D:\Book-py3\PHP\Test\app\Controllers\StudentController.php(7): view('studens/index')
#3 D:\Book-py3\PHP\Test\system\CodeIgniter.php(824): App\Controllers\StudentController->index()
#4 D:\Book-py3\PHP\Test\system\CodeIgniter.php(410): CodeIgniter\CodeIgniter->runController(Object(App\Controllers\StudentController))
#5 D:\Book-py3\PHP\Test\system\CodeIgniter.php(318): CodeIgniter\CodeIgniter->handleRequest(NULL, Object(Config\Cache), false)
#6 D:\Book-py3\PHP\Test\public\index.php(37): CodeIgniter\CodeIgniter->run()
#7 D:\Book-py3\PHP\Test\system\Commands\Server\rewrite.php(43): require_once('D:\\Book-py3\\PHP...')
#8 {main}
CRITICAL - 2022-01-12 04:49:32 --> Invalid file: studens/index.php
#0 D:\Book-py3\PHP\Test\system\View\View.php(198): CodeIgniter\Exceptions\FrameworkException::forInvalidFile('studens/index.p...')
#1 D:\Book-py3\PHP\Test\system\Common.php(1097): CodeIgniter\View\View->render('studens/index', Array, true)
#2 D:\Book-py3\PHP\Test\app\Controllers\StudentController.php(7): view('studens/index')
#3 D:\Book-py3\PHP\Test\system\CodeIgniter.php(824): App\Controllers\StudentController->index()
#4 D:\Book-py3\PHP\Test\system\CodeIgniter.php(410): CodeIgniter\CodeIgniter->runController(Object(App\Controllers\StudentController))
#5 D:\Book-py3\PHP\Test\system\CodeIgniter.php(318): CodeIgniter\CodeIgniter->handleRequest(NULL, Object(Config\Cache), false)
#6 D:\Book-py3\PHP\Test\public\index.php(37): CodeIgniter\CodeIgniter->run()
#7 D:\Book-py3\PHP\Test\system\Commands\Server\rewrite.php(43): require_once('D:\\Book-py3\\PHP...')
#8 {main}
CRITICAL - 2022-01-12 04:53:21 --> Invalid file: students/creat.php
#0 D:\Book-py3\PHP\Test\system\View\View.php(198): CodeIgniter\Exceptions\FrameworkException::forInvalidFile('students/creat....')
#1 D:\Book-py3\PHP\Test\system\Common.php(1097): CodeIgniter\View\View->render('students/creat', Array, true)
#2 D:\Book-py3\PHP\Test\app\Controllers\StudentController.php(10): view('students/creat')
#3 D:\Book-py3\PHP\Test\system\CodeIgniter.php(824): App\Controllers\StudentController->create()
#4 D:\Book-py3\PHP\Test\system\CodeIgniter.php(410): CodeIgniter\CodeIgniter->runController(Object(App\Controllers\StudentController))
#5 D:\Book-py3\PHP\Test\system\CodeIgniter.php(318): CodeIgniter\CodeIgniter->handleRequest(NULL, Object(Config\Cache), false)
#6 D:\Book-py3\PHP\Test\public\index.php(37): CodeIgniter\CodeIgniter->run()
#7 D:\Book-py3\PHP\Test\system\Commands\Server\rewrite.php(43): require_once('D:\\Book-py3\\PHP...')
#8 {main}
CRITICAL - 2022-01-12 04:53:22 --> Invalid file: students/creat.php
#0 D:\Book-py3\PHP\Test\system\View\View.php(198): CodeIgniter\Exceptions\FrameworkException::forInvalidFile('students/creat....')
#1 D:\Book-py3\PHP\Test\system\Common.php(1097): CodeIgniter\View\View->render('students/creat', Array, true)
#2 D:\Book-py3\PHP\Test\app\Controllers\StudentController.php(10): view('students/creat')
#3 D:\Book-py3\PHP\Test\system\CodeIgniter.php(824): App\Controllers\StudentController->create()
#4 D:\Book-py3\PHP\Test\system\CodeIgniter.php(410): CodeIgniter\CodeIgniter->runController(Object(App\Controllers\StudentController))
#5 D:\Book-py3\PHP\Test\system\CodeIgniter.php(318): CodeIgniter\CodeIgniter->handleRequest(NULL, Object(Config\Cache), false)
#6 D:\Book-py3\PHP\Test\public\index.php(37): CodeIgniter\CodeIgniter->run()
#7 D:\Book-py3\PHP\Test\system\Commands\Server\rewrite.php(43): require_once('D:\\Book-py3\\PHP...')
#8 {main}
CRITICAL - 2022-01-12 04:53:29 --> Invalid file: students/creat.php
#0 D:\Book-py3\PHP\Test\system\View\View.php(198): CodeIgniter\Exceptions\FrameworkException::forInvalidFile('students/creat....')
#1 D:\Book-py3\PHP\Test\system\Common.php(1097): CodeIgniter\View\View->render('students/creat', Array, true)
#2 D:\Book-py3\PHP\Test\app\Controllers\StudentController.php(10): view('students/creat')
#3 D:\Book-py3\PHP\Test\system\CodeIgniter.php(824): App\Controllers\StudentController->create()
#4 D:\Book-py3\PHP\Test\system\CodeIgniter.php(410): CodeIgniter\CodeIgniter->runController(Object(App\Controllers\StudentController))
#5 D:\Book-py3\PHP\Test\system\CodeIgniter.php(318): CodeIgniter\CodeIgniter->handleRequest(NULL, Object(Config\Cache), false)
#6 D:\Book-py3\PHP\Test\public\index.php(37): CodeIgniter\CodeIgniter->run()
#7 D:\Book-py3\PHP\Test\system\Commands\Server\rewrite.php(43): require_once('D:\\Book-py3\\PHP...')
#8 {main}
CRITICAL - 2022-01-12 06:20:25 --> Call to a member function isValid() on null
#0 D:\Book-py3\PHP\Test\system\CodeIgniter.php(824): App\Controllers\StudentController->store()
#1 D:\Book-py3\PHP\Test\system\CodeIgniter.php(410): CodeIgniter\CodeIgniter->runController(Object(App\Controllers\StudentController))
#2 D:\Book-py3\PHP\Test\system\CodeIgniter.php(318): CodeIgniter\CodeIgniter->handleRequest(NULL, Object(Config\Cache), false)
#3 D:\Book-py3\PHP\Test\public\index.php(37): CodeIgniter\CodeIgniter->run()
#4 D:\Book-py3\PHP\Test\system\Commands\Server\rewrite.php(43): require_once('D:\\Book-py3\\PHP...')
#5 {main}
CRITICAL - 2022-01-12 06:22:27 --> Call to a member function isValid() on null
#0 D:\Book-py3\PHP\Test\system\CodeIgniter.php(824): App\Controllers\StudentController->store()
#1 D:\Book-py3\PHP\Test\system\CodeIgniter.php(410): CodeIgniter\CodeIgniter->runController(Object(App\Controllers\StudentController))
#2 D:\Book-py3\PHP\Test\system\CodeIgniter.php(318): CodeIgniter\CodeIgniter->handleRequest(NULL, Object(Config\Cache), false)
#3 D:\Book-py3\PHP\Test\public\index.php(37): CodeIgniter\CodeIgniter->run()
#4 D:\Book-py3\PHP\Test\system\Commands\Server\rewrite.php(43): require_once('D:\\Book-py3\\PHP...')
#5 {main}
CRITICAL - 2022-01-12 06:22:37 --> Call to a member function isValid() on null
#0 D:\Book-py3\PHP\Test\system\CodeIgniter.php(824): App\Controllers\StudentController->store()
#1 D:\Book-py3\PHP\Test\system\CodeIgniter.php(410): CodeIgniter\CodeIgniter->runController(Object(App\Controllers\StudentController))
#2 D:\Book-py3\PHP\Test\system\CodeIgniter.php(318): CodeIgniter\CodeIgniter->handleRequest(NULL, Object(Config\Cache), false)
#3 D:\Book-py3\PHP\Test\public\index.php(37): CodeIgniter\CodeIgniter->run()
#4 D:\Book-py3\PHP\Test\system\Commands\Server\rewrite.php(43): require_once('D:\\Book-py3\\PHP...')
#5 {main}
CRITICAL - 2022-01-12 08:07:38 --> Invalid argument supplied for foreach()
#0 D:\Book-py3\PHP\Test\app\Views\students\index.php(40): CodeIgniter\Debug\Exceptions->errorHandler(2, 'Invalid argumen...', 'D:\\Book-py3\\PHP...', 40, Array)
#1 D:\Book-py3\PHP\Test\system\View\View.php(214): include('D:\\Book-py3\\PHP...')
#2 D:\Book-py3\PHP\Test\system\View\View.php(217): CodeIgniter\View\View->CodeIgniter\View\{closure}()
#3 D:\Book-py3\PHP\Test\system\Common.php(1097): CodeIgniter\View\View->render('students/index', Array, true)
#4 D:\Book-py3\PHP\Test\app\Controllers\StudentController.php(13): view('students/index', Array)
#5 D:\Book-py3\PHP\Test\system\CodeIgniter.php(824): App\Controllers\StudentController->index()
#6 D:\Book-py3\PHP\Test\system\CodeIgniter.php(410): CodeIgniter\CodeIgniter->runController(Object(App\Controllers\StudentController))
#7 D:\Book-py3\PHP\Test\system\CodeIgniter.php(318): CodeIgniter\CodeIgniter->handleRequest(NULL, Object(Config\Cache), false)
#8 D:\Book-py3\PHP\Test\public\index.php(37): CodeIgniter\CodeIgniter->run()
#9 D:\Book-py3\PHP\Test\system\Commands\Server\rewrite.php(43): require_once('D:\\Book-py3\\PHP...')
#10 {main}
CRITICAL - 2022-01-12 08:08:50 --> Invalid argument supplied for foreach()
#0 D:\Book-py3\PHP\Test\app\Views\students\index.php(40): CodeIgniter\Debug\Exceptions->errorHandler(2, 'Invalid argumen...', 'D:\\Book-py3\\PHP...', 40, Array)
#1 D:\Book-py3\PHP\Test\system\View\View.php(214): include('D:\\Book-py3\\PHP...')
#2 D:\Book-py3\PHP\Test\system\View\View.php(217): CodeIgniter\View\View->CodeIgniter\View\{closure}()
#3 D:\Book-py3\PHP\Test\system\Common.php(1097): CodeIgniter\View\View->render('students/index', Array, true)
#4 D:\Book-py3\PHP\Test\app\Controllers\StudentController.php(13): view('students/index', Array)
#5 D:\Book-py3\PHP\Test\system\CodeIgniter.php(824): App\Controllers\StudentController->index()
#6 D:\Book-py3\PHP\Test\system\CodeIgniter.php(410): CodeIgniter\CodeIgniter->runController(Object(App\Controllers\StudentController))
#7 D:\Book-py3\PHP\Test\system\CodeIgniter.php(318): CodeIgniter\CodeIgniter->handleRequest(NULL, Object(Config\Cache), false)
#8 D:\Book-py3\PHP\Test\public\index.php(37): CodeIgniter\CodeIgniter->run()
#9 D:\Book-py3\PHP\Test\system\Commands\Server\rewrite.php(43): require_once('D:\\Book-py3\\PHP...')
#10 {main}
CRITICAL - 2022-01-12 08:08:57 --> Invalid argument supplied for foreach()
#0 D:\Book-py3\PHP\Test\app\Views\students\index.php(40): CodeIgniter\Debug\Exceptions->errorHandler(2, 'Invalid argumen...', 'D:\\Book-py3\\PHP...', 40, Array)
#1 D:\Book-py3\PHP\Test\system\View\View.php(214): include('D:\\Book-py3\\PHP...')
#2 D:\Book-py3\PHP\Test\system\View\View.php(217): CodeIgniter\View\View->CodeIgniter\View\{closure}()
#3 D:\Book-py3\PHP\Test\system\Common.php(1097): CodeIgniter\View\View->render('students/index', Array, true)
#4 D:\Book-py3\PHP\Test\app\Controllers\StudentController.php(13): view('students/index', Array)
#5 D:\Book-py3\PHP\Test\system\CodeIgniter.php(824): App\Controllers\StudentController->index()
#6 D:\Book-py3\PHP\Test\system\CodeIgniter.php(410): CodeIgniter\CodeIgniter->runController(Object(App\Controllers\StudentController))
#7 D:\Book-py3\PHP\Test\system\CodeIgniter.php(318): CodeIgniter\CodeIgniter->handleRequest(NULL, Object(Config\Cache), false)
#8 D:\Book-py3\PHP\Test\public\index.php(37): CodeIgniter\CodeIgniter->run()
#9 D:\Book-py3\PHP\Test\system\Commands\Server\rewrite.php(43): require_once('D:\\Book-py3\\PHP...')
#10 {main}
CRITICAL - 2022-01-12 08:08:59 --> Invalid argument supplied for foreach()
#0 D:\Book-py3\PHP\Test\app\Views\students\index.php(40): CodeIgniter\Debug\Exceptions->errorHandler(2, 'Invalid argumen...', 'D:\\Book-py3\\PHP...', 40, Array)
#1 D:\Book-py3\PHP\Test\system\View\View.php(214): include('D:\\Book-py3\\PHP...')
#2 D:\Book-py3\PHP\Test\system\View\View.php(217): CodeIgniter\View\View->CodeIgniter\View\{closure}()
#3 D:\Book-py3\PHP\Test\system\Common.php(1097): CodeIgniter\View\View->render('students/index', Array, true)
#4 D:\Book-py3\PHP\Test\app\Controllers\StudentController.php(13): view('students/index', Array)
#5 D:\Book-py3\PHP\Test\system\CodeIgniter.php(824): App\Controllers\StudentController->index()
#6 D:\Book-py3\PHP\Test\system\CodeIgniter.php(410): CodeIgniter\CodeIgniter->runController(Object(App\Controllers\StudentController))
#7 D:\Book-py3\PHP\Test\system\CodeIgniter.php(318): CodeIgniter\CodeIgniter->handleRequest(NULL, Object(Config\Cache), false)
#8 D:\Book-py3\PHP\Test\public\index.php(37): CodeIgniter\CodeIgniter->run()
#9 D:\Book-py3\PHP\Test\system\Commands\Server\rewrite.php(43): require_once('D:\\Book-py3\\PHP...')
#10 {main}
CRITICAL - 2022-01-12 08:09:00 --> Invalid argument supplied for foreach()
#0 D:\Book-py3\PHP\Test\app\Views\students\index.php(40): CodeIgniter\Debug\Exceptions->errorHandler(2, 'Invalid argumen...', 'D:\\Book-py3\\PHP...', 40, Array)
#1 D:\Book-py3\PHP\Test\system\View\View.php(214): include('D:\\Book-py3\\PHP...')
#2 D:\Book-py3\PHP\Test\system\View\View.php(217): CodeIgniter\View\View->CodeIgniter\View\{closure}()
#3 D:\Book-py3\PHP\Test\system\Common.php(1097): CodeIgniter\View\View->render('students/index', Array, true)
#4 D:\Book-py3\PHP\Test\app\Controllers\StudentController.php(13): view('students/index', Array)
#5 D:\Book-py3\PHP\Test\system\CodeIgniter.php(824): App\Controllers\StudentController->index()
#6 D:\Book-py3\PHP\Test\system\CodeIgniter.php(410): CodeIgniter\CodeIgniter->runController(Object(App\Controllers\StudentController))
#7 D:\Book-py3\PHP\Test\system\CodeIgniter.php(318): CodeIgniter\CodeIgniter->handleRequest(NULL, Object(Config\Cache), false)
#8 D:\Book-py3\PHP\Test\public\index.php(37): CodeIgniter\CodeIgniter->run()
#9 D:\Book-py3\PHP\Test\system\Commands\Server\rewrite.php(43): require_once('D:\\Book-py3\\PHP...')
#10 {main}
CRITICAL - 2022-01-12 09:00:08 --> Invalid file: student/edit.php
#0 D:\Book-py3\PHP\Test\system\View\View.php(198): CodeIgniter\Exceptions\FrameworkException::forInvalidFile('student/edit.ph...')
#1 D:\Book-py3\PHP\Test\system\Common.php(1097): CodeIgniter\View\View->render('student/edit', Array, true)
#2 D:\Book-py3\PHP\Test\app\Controllers\StudentController.php(45): view('student/edit', Array)
#3 D:\Book-py3\PHP\Test\system\CodeIgniter.php(824): App\Controllers\StudentController->edit('1')
#4 D:\Book-py3\PHP\Test\system\CodeIgniter.php(410): CodeIgniter\CodeIgniter->runController(Object(App\Controllers\StudentController))
#5 D:\Book-py3\PHP\Test\system\CodeIgniter.php(318): CodeIgniter\CodeIgniter->handleRequest(NULL, Object(Config\Cache), false)
#6 D:\Book-py3\PHP\Test\public\index.php(37): CodeIgniter\CodeIgniter->run()
#7 D:\Book-py3\PHP\Test\system\Commands\Server\rewrite.php(43): require_once('D:\\Book-py3\\PHP...')
#8 {main}
CRITICAL - 2022-01-12 09:00:14 --> Invalid file: student/edit.php
#0 D:\Book-py3\PHP\Test\system\View\View.php(198): CodeIgniter\Exceptions\FrameworkException::forInvalidFile('student/edit.ph...')
#1 D:\Book-py3\PHP\Test\system\Common.php(1097): CodeIgniter\View\View->render('student/edit', Array, true)
#2 D:\Book-py3\PHP\Test\app\Controllers\StudentController.php(45): view('student/edit', Array)
#3 D:\Book-py3\PHP\Test\system\CodeIgniter.php(824): App\Controllers\StudentController->edit('1')
#4 D:\Book-py3\PHP\Test\system\CodeIgniter.php(410): CodeIgniter\CodeIgniter->runController(Object(App\Controllers\StudentController))
#5 D:\Book-py3\PHP\Test\system\CodeIgniter.php(318): CodeIgniter\CodeIgniter->handleRequest(NULL, Object(Config\Cache), false)
#6 D:\Book-py3\PHP\Test\public\index.php(37): CodeIgniter\CodeIgniter->run()
#7 D:\Book-py3\PHP\Test\system\Commands\Server\rewrite.php(43): require_once('D:\\Book-py3\\PHP...')
#8 {main}
CRITICAL - 2022-01-12 09:01:53 --> Invalid file: student/edit.php
#0 D:\Book-py3\PHP\Test\system\View\View.php(198): CodeIgniter\Exceptions\FrameworkException::forInvalidFile('student/edit.ph...')
#1 D:\Book-py3\PHP\Test\system\Common.php(1097): CodeIgniter\View\View->render('student/edit', Array, true)
#2 D:\Book-py3\PHP\Test\app\Controllers\StudentController.php(45): view('student/edit', Array)
#3 D:\Book-py3\PHP\Test\system\CodeIgniter.php(824): App\Controllers\StudentController->edit('1')
#4 D:\Book-py3\PHP\Test\system\CodeIgniter.php(410): CodeIgniter\CodeIgniter->runController(Object(App\Controllers\StudentController))
#5 D:\Book-py3\PHP\Test\system\CodeIgniter.php(318): CodeIgniter\CodeIgniter->handleRequest(NULL, Object(Config\Cache), false)
#6 D:\Book-py3\PHP\Test\public\index.php(37): CodeIgniter\CodeIgniter->run()
#7 D:\Book-py3\PHP\Test\system\Commands\Server\rewrite.php(43): require_once('D:\\Book-py3\\PHP...')
#8 {main}
CRITICAL - 2022-01-12 09:55:39 --> Invalid file: index.php
#0 D:\Book-py3\PHP\Test\system\View\View.php(198): CodeIgniter\Exceptions\FrameworkException::forInvalidFile('index.php')
#1 D:\Book-py3\PHP\Test\system\Common.php(1097): CodeIgniter\View\View->render('index', Array, true)
#2 D:\Book-py3\PHP\Test\app\Controllers\StudentController.php(13): view('index', Array)
#3 D:\Book-py3\PHP\Test\system\CodeIgniter.php(824): App\Controllers\StudentController->index()
#4 D:\Book-py3\PHP\Test\system\CodeIgniter.php(410): CodeIgniter\CodeIgniter->runController(Object(App\Controllers\StudentController))
#5 D:\Book-py3\PHP\Test\system\CodeIgniter.php(318): CodeIgniter\CodeIgniter->handleRequest(NULL, Object(Config\Cache), false)
#6 D:\Book-py3\PHP\Test\public\index.php(37): CodeIgniter\CodeIgniter->run()
#7 D:\Book-py3\PHP\Test\system\Commands\Server\rewrite.php(43): require_once('D:\\Book-py3\\PHP...')
#8 {main}
CRITICAL - 2022-01-12 09:55:40 --> Invalid file: index.php
#0 D:\Book-py3\PHP\Test\system\View\View.php(198): CodeIgniter\Exceptions\FrameworkException::forInvalidFile('index.php')
#1 D:\Book-py3\PHP\Test\system\Common.php(1097): CodeIgniter\View\View->render('index', Array, true)
#2 D:\Book-py3\PHP\Test\app\Controllers\StudentController.php(13): view('index', Array)
#3 D:\Book-py3\PHP\Test\system\CodeIgniter.php(824): App\Controllers\StudentController->index()
#4 D:\Book-py3\PHP\Test\system\CodeIgniter.php(410): CodeIgniter\CodeIgniter->runController(Object(App\Controllers\StudentController))
#5 D:\Book-py3\PHP\Test\system\CodeIgniter.php(318): CodeIgniter\CodeIgniter->handleRequest(NULL, Object(Config\Cache), false)
#6 D:\Book-py3\PHP\Test\public\index.php(37): CodeIgniter\CodeIgniter->run()
#7 D:\Book-py3\PHP\Test\system\Commands\Server\rewrite.php(43): require_once('D:\\Book-py3\\PHP...')
#8 {main}
CRITICAL - 2022-01-12 10:32:32 --> Invalid file: students.php
#0 C:\xampp\htdocs\Test\system\View\View.php(198): CodeIgniter\Exceptions\FrameworkException::forInvalidFile('students.php')
#1 C:\xampp\htdocs\Test\system\Common.php(1097): CodeIgniter\View\View->render('students', Array, true)
#2 C:\xampp\htdocs\Test\app\Controllers\StudentController.php(13): view('students', Array)
#3 C:\xampp\htdocs\Test\system\CodeIgniter.php(824): App\Controllers\StudentController->index()
#4 C:\xampp\htdocs\Test\system\CodeIgniter.php(410): CodeIgniter\CodeIgniter->runController(Object(App\Controllers\StudentController))
#5 C:\xampp\htdocs\Test\system\CodeIgniter.php(318): CodeIgniter\CodeIgniter->handleRequest(NULL, Object(Config\Cache), false)
#6 C:\xampp\htdocs\Test\public\index.php(37): CodeIgniter\CodeIgniter->run()
#7 C:\xampp\htdocs\Test\system\Commands\Server\rewrite.php(43): require_once('C:\\xampp\\htdocs...')
#8 {main}
CRITICAL - 2022-01-12 10:32:48 --> Invalid file: /index.php
#0 C:\xampp\htdocs\Test\system\View\View.php(198): CodeIgniter\Exceptions\FrameworkException::forInvalidFile('/index.php')
#1 C:\xampp\htdocs\Test\system\Common.php(1097): CodeIgniter\View\View->render('/index', Array, true)
#2 C:\xampp\htdocs\Test\app\Controllers\StudentController.php(13): view('/index', Array)
#3 C:\xampp\htdocs\Test\system\CodeIgniter.php(824): App\Controllers\StudentController->index()
#4 C:\xampp\htdocs\Test\system\CodeIgniter.php(410): CodeIgniter\CodeIgniter->runController(Object(App\Controllers\StudentController))
#5 C:\xampp\htdocs\Test\system\CodeIgniter.php(318): CodeIgniter\CodeIgniter->handleRequest(NULL, Object(Config\Cache), false)
#6 C:\xampp\htdocs\Test\public\index.php(37): CodeIgniter\CodeIgniter->run()
#7 C:\xampp\htdocs\Test\system\Commands\Server\rewrite.php(43): require_once('C:\\xampp\\htdocs...')
#8 {main}
CRITICAL - 2022-01-12 11:56:55 --> Argument 1 passed to CodeIgniter\HTTP\RedirectResponse::back() must be of the type int or null, string given, called in C:\xampp\htdocs\Test\app\Controllers\StudentController.php on line 93
#0 C:\xampp\htdocs\Test\app\Controllers\StudentController.php(93): CodeIgniter\HTTP\RedirectResponse->back('/students')
#1 C:\xampp\htdocs\Test\system\CodeIgniter.php(824): App\Controllers\StudentController->delete('9')
#2 C:\xampp\htdocs\Test\system\CodeIgniter.php(410): CodeIgniter\CodeIgniter->runController(Object(App\Controllers\StudentController))
#3 C:\xampp\htdocs\Test\system\CodeIgniter.php(318): CodeIgniter\CodeIgniter->handleRequest(NULL, Object(Config\Cache), false)
#4 C:\xampp\htdocs\Test\public\index.php(37): CodeIgniter\CodeIgniter->run()
#5 C:\xampp\htdocs\Test\system\Commands\Server\rewrite.php(43): require_once('C:\\xampp\\htdocs...')
#6 {main}
CRITICAL - 2022-01-12 11:57:15 --> Argument 1 passed to CodeIgniter\HTTP\RedirectResponse::back() must be of the type int or null, string given, called in C:\xampp\htdocs\Test\app\Controllers\StudentController.php on line 93
#0 C:\xampp\htdocs\Test\app\Controllers\StudentController.php(93): CodeIgniter\HTTP\RedirectResponse->back('/students')
#1 C:\xampp\htdocs\Test\system\CodeIgniter.php(824): App\Controllers\StudentController->delete('7')
#2 C:\xampp\htdocs\Test\system\CodeIgniter.php(410): CodeIgniter\CodeIgniter->runController(Object(App\Controllers\StudentController))
#3 C:\xampp\htdocs\Test\system\CodeIgniter.php(318): CodeIgniter\CodeIgniter->handleRequest(NULL, Object(Config\Cache), false)
#4 C:\xampp\htdocs\Test\public\index.php(37): CodeIgniter\CodeIgniter->run()
#5 C:\xampp\htdocs\Test\system\Commands\Server\rewrite.php(43): require_once('C:\\xampp\\htdocs...')
#6 {main}
